INFO  [px4] Creating symlink /home/atofi2/drone_lab/Firmware/Tools/../ROMFS/px4fmu_common -> /home/atofi2/drone_lab/Firmware/build/px4_sitl_default/instance_3/sitl_iris_3/etc

______  __   __    ___ 
| ___ \ \ \ / /   /   |
| |_/ /  \ V /   / /| |
|  __/   /   \  / /_| |
| |     / /^\ \ \___  |
\_|     \/   \/     |_/

px4 starting.

INFO  [px4] Calling startup script: /bin/sh etc/init.d-posix/rcS 3
INFO  [param] selected parameter default file eeprom/parameters_10016
[param] parameter file not found, creating eeprom/parameters_10016
  SYS_AUTOCONFIG: curr: 0 -> new: 1
  MAV_SYS_ID: curr: 1 -> new: 4
* SYS_AUTOSTART: curr: 0 -> new: 10016
  BAT_N_CELLS: curr: 0 -> new: 3
  CAL_ACC0_ID: curr: 0 -> new: 1311244
  CAL_ACC_PRIME: curr: 0 -> new: 1311244
  CAL_GYRO0_ID: curr: 0 -> new: 1311244
  CAL_GYRO_PRIME: curr: 0 -> new: 1311244
  CAL_MAG0_ID: curr: 0 -> new: 197388
  CAL_MAG_PRIME: curr: 0 -> new: 197388
  CBRK_SUPPLY_CHK: curr: 0 -> new: 894281
  COM_DISARM_LAND: curr: 2.0000 -> new: 0.5000
  COM_OBL_ACT: curr: 0 -> new: 2
  COM_RC_IN_MODE: curr: 0 -> new: 1
  EKF2_ANGERR_INIT: curr: 0.1000 -> new: 0.0100
  EKF2_GBIAS_INIT: curr: 0.1000 -> new: 0.0100
  COM_ARM_EKF_AB: curr: 0.0022 -> new: 0.0050
  EKF2_REQ_GPS_H: curr: 10.0000 -> new: 0.5000
  IMU_INTEG_RATE: curr: 200 -> new: 250
  MC_PITCH_P: curr: 6.5000 -> new: 6.0000
  MC_PITCHRATE_P: curr: 0.1500 -> new: 0.2000
  MC_ROLL_P: curr: 6.5000 -> new: 6.0000
  MC_ROLLRATE_P: curr: 0.1500 -> new: 0.2000
  MPC_HOLD_MAX_Z: curr: 0.6000 -> new: 2.0000
  MPC_Z_VEL_P_ACC: curr: 4.0000 -> new: 12.0000
  MPC_Z_VEL_I_ACC: curr: 2.0000 -> new: 3.0000
  MPC_XY_P: curr: 0.9500 -> new: 0.8000
  MPC_XY_VEL_P_ACC: curr: 1.8000 -> new: 4.0000
  MPC_XY_VEL_D_ACC: curr: 0.2000 -> new: 0.3200
  MPC_SPOOLUP_TIME: curr: 1.0000 -> new: 0.5000
  MPC_TKO_RAMP_T: curr: 3.0000 -> new: 1.0000
  NAV_ACC_RAD: curr: 10.0000 -> new: 2.0000
  NAV_DLL_ACT: curr: 0 -> new: 2
  RTL_DESCEND_ALT: curr: 30.0000 -> new: 5.0000
  RTL_LAND_DELAY: curr: -1.0000 -> new: 5.0000
  RTL_RETURN_ALT: curr: 60.0000 -> new: 30.0000
  SDLOG_MODE: curr: 0 -> new: 1
  SDLOG_PROFILE: curr: 3 -> new: 131
  SDLOG_DIRS_MAX: curr: 0 -> new: 7
  SENS_BOARD_X_OFF: curr: 0.0000 -> new: 0.0000
  SENS_DPRES_OFF: curr: 0.0000 -> new: 0.0010
  TRIG_INTERFACE: curr: 4 -> new: 3
  COM_CPU_MAX: curr: 90.0000 -> new: -1.0000
* RTL_DESCEND_ALT: curr: 5.0000 -> new: 10.0000
* RTL_LAND_DELAY: curr: 5.0000 -> new: 0.0000
  PWM_MAX: curr: 2000 -> new: 1950
  PWM_MIN: curr: 1000 -> new: 1075
  GPS_UBX_DYNMODEL: curr: 7 -> new: 6
* SYS_AUTOCONFIG: curr: 1 -> new: 0
INFO  [dataman] Unknown restart, data manager file './dataman' size is 11798680 bytes
INFO  [simulator] Waiting for simulator to accept connection on TCP port 4563
INFO  [simulator] Simulator connected on TCP port 4563.
INFO  [commander] LED: open /dev/led0 failed (22)
INFO  [init] Mixer: etc/mixers/quad_w.main.mix on /dev/pwm_output0
INFO  [mavlink] mode: Normal, data rate: 4000000 B/s on udp port 18573 remote port 14550
INFO  [mavlink] mode: Onboard, data rate: 4000000 B/s on udp port 14583 remote port 14543
INFO  [mavlink] mode: Onboard, data rate: 4000 B/s on udp port 14283 remote port 14033
INFO  [logger] logger started (mode=all)
INFO  [logger] Start file log (type: full)
INFO  [logger] [logger] ./log/2020-06-03/02_04_20.ulg
INFO  [logger] Opened full log file: ./log/2020-06-03/02_04_20.ulg
INFO  [mavlink] MAVLink only on localhost (set param MAV_BROADCAST = 1 to enable network)
INFO  [px4] Startup script returned successfully
INFO  [ecl/EKF] 600000: GPS checks passed
INFO  [ekf2] Mag sensor ID changed to 197388
INFO  [ecl/EKF] 1776000: EKF aligned, (baro hgt, IMU buf: 18, OBS buf: 14)
INFO  [ecl/EKF] 1776000: reset position to last known position
INFO  [ecl/EKF] 1776000: reset velocity to zero
INFO  [ecl/EKF] 5188000: reset position to GPS
INFO  [ecl/EKF] 5188000: reset velocity to GPS
INFO  [ecl/EKF] 5188000: starting GPS fusion

PX4 Exiting...
Exiting NOW.
